<?xml version="1.0" encoding="UTF-8"?>
<!-- Generated by org.testng.reporters.JUnitReportReporter -->
<testsuite hostname="devesoft-lucek" name="domena.pl.FirstTest" tests="1" failures="0" timestamp="8 Apr 2013 10:13:24 GMT" time="20.296" errors="0">
  <testcase name="startDriver" time="20.296" classname="domena.pl.FirstTest"/>
</testsuite> <!-- domena.pl.FirstTest -->
