<?xml version="1.0" encoding="UTF-8"?>
<!-- Generated by org.testng.reporters.JUnitReportReporter -->
<testsuite hostname="Lucek-Komputer" name="domena.pl.FirstTest" tests="1" failures="0" timestamp="13 Aug 2015 11:45:06 GMT" time="11.675" errors="0">
  <testcase name="startDriver" time="11.675" classname="domena.pl.FirstTest"/>
</testsuite> <!-- domena.pl.FirstTest -->
