<?xml version="1.0" encoding="UTF-8"?>
<!-- Generated by org.testng.reporters.JUnitReportReporter -->
<testsuite hostname="devesoft-lucek" name="domena.pl.FirstTest" tests="1" failures="0" timestamp="8 Apr 2013 12:02:02 GMT" time="28.546" errors="0">
  <testcase name="startDriver" time="28.546" classname="domena.pl.FirstTest"/>
</testsuite> <!-- domena.pl.FirstTest -->
